2024-04-30 15:31:36,113 [ERROR] from com.jpro.WebAPIImpl$WebAPIImpl in JavaFX Application Thread - Error while executing InstanceCloseListener: 
java.lang.NullPointerException: Cannot invoke "com.connections.web.WebUser.readFromDatabase()" because "currentUser" is null
	at com.connections.view_controller.GameSession.helperSetUserInGameStatus(GameSession.java:726)
	at com.connections.view_controller.GameSession.close(GameSession.java:1103)
	at com.connections.view_controller.GameSession.lambda$initListeners$11(GameSession.java:296)
	at com.jpro.WebAPIImpl$WebAPIImpl.$anonfun$callInstanceCloseListeners$1(WebAPIImpl.scala:134)
	at com.jpro.WebAPIImpl$WebAPIImpl.$anonfun$callInstanceCloseListeners$1$adapted(WebAPIImpl.scala:132)
	at scala.collection.immutable.Set$Set1.foreach(Set.scala:141)
	at com.jpro.WebAPIImpl$WebAPIImpl.callInstanceCloseListeners(WebAPIImpl.scala:132)
	at com.jpro.internal.communicator.InstanceImpl.dispose(InstanceImpl.scala:107)
	at com.jpro.internal.communicator.InstanceImpl.$anonfun$new$13(InstanceImpl.scala:205)
	at scala.runtime.java8.JFunction0$mcV$sp.apply(JFunction0$mcV$sp.java:23)
	at simplefx.cores.standard.parts.CoreTimeEvent.$anonfun$runAt$2(CoreTimeEvent.scala:74)
	at simplefx.cores.standard.parts.CoreTimeEvent$Helper$.$anonfun$new$4(CoreTimeEvent.scala:100)
	at scala.collection.immutable.Set$Set1.foreach(Set.scala:141)
	at simplefx.cores.standard.parts.CoreTimeEvent$Helper$.$anonfun$new$3(CoreTimeEvent.scala:98)
	at simplefx.cores.standard.parts.CoreTimeEvent$Helper$.$anonfun$new$3$adapted(CoreTimeEvent.scala:91)
	at simplefx.cores.standard.parts.CoreTypesBindable$BindableImpl.$anonfun$triggerOnChange$3(CoreTypesBindable.scala:208)
	at simplefx.cores.standard.parts.CoreScheduler.runSchedulerImpl(CoreScheduler.scala:73)
	at simplefx.cores.standard.parts.CoreScheduler.runSchedulerImpl$(CoreScheduler.scala:52)
	at simplefx.cores.standard.Core.runSchedulerImpl(Core.scala:9)
	at simplefx.cores.standard.parts.CoreScheduler.tryStartSchedulerStop(CoreScheduler.scala:44)
	at simplefx.cores.standard.parts.CoreScheduler.tryStartSchedulerStop$(CoreScheduler.scala:42)
	at simplefx.cores.standard.Core.tryStartSchedulerStop(Core.scala:9)
	at simplefx.cores.standard.parts.CoreTimeEvent$$anon$1.handle(CoreTimeEvent.scala:24)
	at javafx.animation.AnimationTimer$AnimationTimerReceiver.lambda$handle$0(AnimationTimer.java:58)
	at java.base/java.security.AccessController.doPrivileged(AccessController.java:399)
	at javafx.animation.AnimationTimer$AnimationTimerReceiver.handle(AnimationTimer.java:57)
	at com.sun.scenario.animation.AbstractPrimaryTimer.timePulseImpl(AbstractPrimaryTimer.java:356)
	at com.sun.scenario.animation.AbstractPrimaryTimer$MainLoop.run(AbstractPrimaryTimer.java:266)
	at com.sun.javafx.tk.quantum.QuantumToolkit.pulse(QuantumToolkit.java:598)
	at com.sun.javafx.tk.quantum.QuantumToolkit.pulse(QuantumToolkit.java:582)
	at com.sun.javafx.tk.quantum.QuantumToolkit.pulseFromQueue(QuantumToolkit.java:575)
	at com.sun.javafx.tk.quantum.QuantumToolkit.lambda$runToolkit$12(QuantumToolkit.java:358)
	at com.sun.glass.ui.monocle.RunnableProcessor.runLoop(RunnableProcessor.java:92)
	at com.sun.glass.ui.monocle.RunnableProcessor.run(RunnableProcessor.java:51)
	at java.base/java.lang.Thread.run(Thread.java:1589)
