2024-04-30 15:14:13,673 [INFO] from com.jpro.activity in scala-execution-context-global-35 - Starting the server
2024-04-30 15:14:13,674 [INFO] from com.jpro.internal.server.JProInitializer$ in scala-execution-context-global-35 -  *** Starting JPro: https://www.jpro.one/ ***
2024-04-30 15:14:13,674 [INFO] from com.jpro.internal.server.JProInitializer$ in scala-execution-context-global-35 - OS: Mac OS X
2024-04-30 15:14:13,689 [INFO] from com.jpro.internal.server.JProInitializer$ in scala-execution-context-global-35 - JPro: 2024.1.0
2024-04-30 15:14:13,689 [INFO] from com.jpro.internal.server.JProInitializer$ in scala-execution-context-global-35 - Java version: 19.0.1
2024-04-30 15:14:13,689 [INFO] from com.jpro.internal.server.JProInitializer$ in scala-execution-context-global-35 - JVM: 19.0.1 Oracle Corporation
2024-04-30 15:14:13,690 [INFO] from com.jpro.internal.server.JProInitializer$ in scala-execution-context-global-35 - JavaFX jar: file:/Users/haydenroberts/.m2/repository/org/openjfx/javafx-graphics/21.0.2.4-jpro+0/javafx-graphics-21.0.2.4-jpro+0-mac-aarch64.jar
2024-04-30 15:14:13,691 [INFO] from com.jpro.internal.server.JProInitializer$ in scala-execution-context-global-35 - Configuring logging from url: 'jar:file:/Users/haydenroberts/.m2/repository/com/sandec/jpro/jpro-server_2.12/2024.1.0/jpro-server_2.12-2024.1.0.jar!/logback-jpro-default.xml'
2024-04-30 15:14:13,976 [INFO] from com.jpro.internal.server.JProInitializer$ in JavaFX Application Thread - JavaFX version: 21.0.2.4-jpro+0
2024-04-30 15:14:14,015 [INFO] from com.jpro.internal.server.JProInitializer$ in scala-execution-context-global-35 - finished init!
2024-04-30 15:14:14,016 [INFO] from com.jpro.internal.server.JProInitializer$ in scala-execution-context-global-35 - [JPro] -> Server started: {start_time: 1714515253673, os_name: Mac OS X, jpro_version: 2024.1.0}
2024-04-30 15:14:14,271 [INFO] from akka.event.slf4j.Slf4jLogger in application-akka.actor.default-dispatcher-5 - Slf4jLogger started
2024-04-30 15:14:14,575 [INFO] from play.api.Play in Thread-0 - Application started (Prod) (no global state)
2024-04-30 15:14:14,866 [INFO] from play.core.server.AkkaHttpServer in Thread-0 - Enabling HTTP/2 on Akka HTTP server...
2024-04-30 15:14:14,867 [INFO] from play.core.server.AkkaHttpServer in Thread-0 - Listening for HTTP on /[0:0:0:0:0:0:0:0]:8080
2024-04-30 15:14:20,448 [INFO] from controllers.jpro in application-akka.actor.default-dispatcher-5 - application requested: default
2024-04-30 15:14:20,452 [INFO] from controllers.jpro in application-akka.actor.default-dispatcher-5 - Creating Application: default
2024-04-30 15:14:20,453 [INFO] from controllers.jpro in application-akka.actor.default-dispatcher-5 - remoteAddress 0:0:0:0:0:0:0:1
2024-04-30 15:14:20,455 [INFO] from controllers.jpro in application-akka.actor.default-dispatcher-5 - host          localhost:8080
2024-04-30 15:14:20,455 [INFO] from controllers.jpro in application-akka.actor.default-dispatcher-5 - uri           /app/ws/default
2024-04-30 15:14:20,696 [INFO] from com.jpro.internal.stats.ViewInfo$ in JavaFX Application Thread - [JPro] -> View created: {app_name: default, host_name: localhost:8080, instance_id: 1073143710, browser: Google Chrome 124.0.0.0, browser_url: http://localhost:8080/, client_ip: 0:0:0:0:0:0:0:1}
2024-04-30 15:14:20,819 [WARN] from org.mongodb.driver in JavaFX Application Thread - SLF4J not found on the classpath.  Logging is disabled for the 'org.mongodb.driver' component
2024-04-30 15:14:21,224 [INFO] from com.jpro.internal.communicator.InstanceImpl in JavaFX Application Thread - [JPro] -> Instance created: {app_name: default, host_name: localhost:8080, instance_id: 1073143710, browser: Google Chrome 124.0.0.0, browser_url: http://localhost:8080/, client_ip: 0:0:0:0:0:0:0:1}
2024-04-30 15:14:42,849 [WARN] from com.jpro.meta.tk.SceneInputListener in JavaFX Application Thread - Unknown Keycode: 190
2024-04-30 15:14:42,954 [WARN] from com.jpro.meta.tk.SceneInputListener in JavaFX Application Thread - Unknown Keycode: 190
2024-04-30 15:15:03,536 [WARN] from com.jpro.meta.tk.SceneInputListener in JavaFX Application Thread - Unknown Keycode: 190
2024-04-30 15:15:03,638 [WARN] from com.jpro.meta.tk.SceneInputListener in JavaFX Application Thread - Unknown Keycode: 190
2024-04-30 15:15:56,553 [INFO] from play.api.internal.libs.concurrent.CoordinatedShutdownSupport in Thread-20 - Starting synchronous coordinated shutdown with ServerStoppedReason reason and 2147508000 milliseconds timeout
2024-04-30 15:15:56,555 [INFO] from akka.actor.CoordinatedShutdown in application-akka.actor.default-dispatcher-7 - Running CoordinatedShutdown with reason [ServerStoppedReason]
2024-04-30 15:15:56,557 [INFO] from play.core.server.AkkaHttpServer in Thread-20 - Stopping Akka HTTP server...
2024-04-30 15:15:56,562 [INFO] from play.core.server.AkkaHttpServer in application-akka.actor.internal-dispatcher-4 - Terminating server binding for /[0:0:0:0:0:0:0:0]:8080
2024-04-30 15:15:56,573 [INFO] from play.core.server.AkkaHttpServer in application-akka.actor.internal-dispatcher-17 - Running provided shutdown stop hooks
2024-04-30 15:15:56,574 [INFO] from com.jpro.internal.server.JProInitializer$ in application-akka.actor.default-dispatcher-5 - [JPro] -> Server stopped: {running_time: 1m 42.87s, instances_count: 1, views_count: 1, os_name: Mac OS X, jpro_version: 2024.1.0, reason: jvm-shutdown}
2024-04-30 15:15:56,574 [INFO] from com.jpro.activity in application-akka.actor.default-dispatcher-5 - Closing the server -> used memory: 266 MB  -  free system memory: 71 MB
2024-04-30 15:20:00,999 [INFO] from com.jpro.activity in scala-execution-context-global-35 - Starting the server
2024-04-30 15:20:01,000 [INFO] from com.jpro.internal.server.JProInitializer$ in scala-execution-context-global-35 -  *** Starting JPro: https://www.jpro.one/ ***
2024-04-30 15:20:01,000 [INFO] from com.jpro.internal.server.JProInitializer$ in scala-execution-context-global-35 - OS: Mac OS X
2024-04-30 15:20:01,015 [INFO] from com.jpro.internal.server.JProInitializer$ in scala-execution-context-global-35 - JPro: 2024.1.0
2024-04-30 15:20:01,015 [INFO] from com.jpro.internal.server.JProInitializer$ in scala-execution-context-global-35 - Java version: 19.0.1
2024-04-30 15:20:01,015 [INFO] from com.jpro.internal.server.JProInitializer$ in scala-execution-context-global-35 - JVM: 19.0.1 Oracle Corporation
2024-04-30 15:20:01,016 [INFO] from com.jpro.internal.server.JProInitializer$ in scala-execution-context-global-35 - JavaFX jar: file:/Users/haydenroberts/.m2/repository/org/openjfx/javafx-graphics/21.0.2.4-jpro+0/javafx-graphics-21.0.2.4-jpro+0-mac-aarch64.jar
2024-04-30 15:20:01,017 [INFO] from com.jpro.internal.server.JProInitializer$ in scala-execution-context-global-35 - Configuring logging from url: 'jar:file:/Users/haydenroberts/.m2/repository/com/sandec/jpro/jpro-server_2.12/2024.1.0/jpro-server_2.12-2024.1.0.jar!/logback-jpro-default.xml'
2024-04-30 15:20:01,210 [INFO] from com.jpro.internal.server.JProInitializer$ in JavaFX Application Thread - JavaFX version: 21.0.2.4-jpro+0
2024-04-30 15:20:01,246 [INFO] from com.jpro.internal.server.JProInitializer$ in scala-execution-context-global-35 - finished init!
2024-04-30 15:20:01,247 [INFO] from com.jpro.internal.server.JProInitializer$ in scala-execution-context-global-35 - [JPro] -> Server started: {start_time: 1714515600998, os_name: Mac OS X, jpro_version: 2024.1.0}
2024-04-30 15:20:01,431 [INFO] from akka.event.slf4j.Slf4jLogger in application-akka.actor.default-dispatcher-4 - Slf4jLogger started
2024-04-30 15:20:01,712 [INFO] from play.api.Play in Thread-0 - Application started (Prod) (no global state)
2024-04-30 15:20:01,986 [INFO] from play.core.server.AkkaHttpServer in Thread-0 - Enabling HTTP/2 on Akka HTTP server...
2024-04-30 15:20:01,986 [INFO] from play.core.server.AkkaHttpServer in Thread-0 - Listening for HTTP on /[0:0:0:0:0:0:0:0]:8080
2024-04-30 15:20:03,968 [INFO] from controllers.jpro in application-akka.actor.default-dispatcher-7 - application requested: default
2024-04-30 15:20:03,972 [INFO] from controllers.jpro in application-akka.actor.default-dispatcher-7 - Creating Application: default
2024-04-30 15:20:03,973 [INFO] from controllers.jpro in application-akka.actor.default-dispatcher-7 - remoteAddress 0:0:0:0:0:0:0:1
2024-04-30 15:20:03,973 [INFO] from controllers.jpro in application-akka.actor.default-dispatcher-7 - host          localhost:8080
2024-04-30 15:20:03,974 [INFO] from controllers.jpro in application-akka.actor.default-dispatcher-7 - uri           /app/ws/default
2024-04-30 15:20:04,102 [INFO] from com.jpro.internal.stats.ViewInfo$ in JavaFX Application Thread - [JPro] -> View created: {app_name: default, host_name: localhost:8080, instance_id: 2036861926, browser: Google Chrome 124.0.0.0, browser_url: http://localhost:8080/, client_ip: 0:0:0:0:0:0:0:1}
2024-04-30 15:20:04,174 [WARN] from org.mongodb.driver in JavaFX Application Thread - SLF4J not found on the classpath.  Logging is disabled for the 'org.mongodb.driver' component
2024-04-30 15:20:04,433 [INFO] from com.jpro.internal.communicator.InstanceImpl in JavaFX Application Thread - [JPro] -> Instance created: {app_name: default, host_name: localhost:8080, instance_id: 2036861926, browser: Google Chrome 124.0.0.0, browser_url: http://localhost:8080/, client_ip: 0:0:0:0:0:0:0:1}
2024-04-30 15:22:44,320 [INFO] from com.jpro.internal.stats.ViewInfo$ in JavaFX Application Thread - [JPro] -> View closed: {app_name: default, host_name: localhost:8080, instance_id: 2036861926, browser: Google Chrome 124.0.0.0, browser_url: http://localhost:8080/, client_ip: 0:0:0:0:0:0:0:1, reason: tab-closed}
2024-04-30 15:22:44,339 [INFO] from com.jpro.internal.stats.ViewInfo$ in JavaFX Application Thread - 
2024-04-30 15:22:44,339 [INFO] from com.jpro.internal.stats.ViewInfo$ in JavaFX Application Thread - Application closed:
2024-04-30 15:22:44,375 [INFO] from com.jpro.internal.stats.ViewInfo$ in JavaFX Application Thread - startTime      : Tue Apr 30 15:22:44 MST 2024      
2024-04-30 15:22:44,376 [INFO] from com.jpro.internal.stats.ViewInfo$ in JavaFX Application Thread - averageLatency : 00:00:00.002 
2024-04-30 15:22:44,376 [INFO] from com.jpro.internal.stats.ViewInfo$ in JavaFX Application Thread - averageJitter  : 00:00:00.001  
2024-04-30 15:22:44,376 [INFO] from com.jpro.internal.stats.ViewInfo$ in JavaFX Application Thread - framerateServer: 00:00:00.000
2024-04-30 15:22:44,377 [INFO] from com.jpro.internal.stats.ViewInfo$ in JavaFX Application Thread - framerateClient: 00:00:00.000
2024-04-30 15:22:44,377 [INFO] from com.jpro.internal.stats.ViewInfo$ in JavaFX Application Thread - raw            : 255067
2024-04-30 15:22:44,377 [INFO] from com.jpro.internal.stats.ViewInfo$ in JavaFX Application Thread - zipped         : 66382
2024-04-30 15:22:44,377 [INFO] from com.jpro.internal.stats.ViewInfo$ in JavaFX Application Thread - 
2024-04-30 15:22:44,397 [INFO] from controllers.jpro in application-akka.actor.default-dispatcher-12 - application requested: default
2024-04-30 15:22:44,398 [INFO] from controllers.jpro in application-akka.actor.default-dispatcher-12 - Creating Application: default
2024-04-30 15:22:44,398 [INFO] from controllers.jpro in application-akka.actor.default-dispatcher-12 - remoteAddress 0:0:0:0:0:0:0:1
2024-04-30 15:22:44,398 [INFO] from controllers.jpro in application-akka.actor.default-dispatcher-12 - host          localhost:8080
2024-04-30 15:22:44,398 [INFO] from controllers.jpro in application-akka.actor.default-dispatcher-12 - uri           /app/ws/default
2024-04-30 15:22:44,488 [INFO] from com.jpro.internal.stats.ViewInfo$ in JavaFX Application Thread - [JPro] -> View created: {app_name: default, host_name: localhost:8080, instance_id: 22177462, browser: Google Chrome 124.0.0.0, browser_url: http://localhost:8080/, client_ip: 0:0:0:0:0:0:0:1}
2024-04-30 15:22:44,621 [INFO] from com.jpro.internal.communicator.InstanceImpl in JavaFX Application Thread - [JPro] -> Instance created: {app_name: default, host_name: localhost:8080, instance_id: 22177462, browser: Google Chrome 124.0.0.0, browser_url: http://localhost:8080/, client_ip: 0:0:0:0:0:0:0:1}
2024-04-30 15:22:45,344 [INFO] from com.jpro.internal.communicator.InstanceImpl in JavaFX Application Thread - [JPro] -> Instance closed: {app_name: default, host_name: localhost:8080, instance_id: 2036861926, browser: Google Chrome 124.0.0.0, browser_url: http://localhost:8080/, client_ip: 0:0:0:0:0:0:0:1, reason: close-tab-closed}
2024-04-30 15:23:18,566 [WARN] from com.jpro.meta.tk.SceneInputListener in JavaFX Application Thread - Unknown Keycode: 190
2024-04-30 15:23:18,671 [WARN] from com.jpro.meta.tk.SceneInputListener in JavaFX Application Thread - Unknown Keycode: 190
2024-04-30 15:25:04,418 [INFO] from com.jpro.internal.stats.ViewInfo$ in JavaFX Application Thread - [JPro] -> View closed: {app_name: default, host_name: localhost:8080, instance_id: 22177462, browser: Google Chrome 124.0.0.0, browser_url: http://localhost:8080/, client_ip: 0:0:0:0:0:0:0:1, reason: tab-closed}
2024-04-30 15:25:04,462 [INFO] from com.jpro.internal.stats.ViewInfo$ in JavaFX Application Thread - 
2024-04-30 15:25:04,462 [INFO] from com.jpro.internal.stats.ViewInfo$ in JavaFX Application Thread - Application closed:
2024-04-30 15:25:04,462 [INFO] from com.jpro.internal.stats.ViewInfo$ in JavaFX Application Thread - startTime      : Tue Apr 30 15:25:04 MST 2024      
2024-04-30 15:25:04,462 [INFO] from com.jpro.internal.stats.ViewInfo$ in JavaFX Application Thread - averageLatency : 00:00:00.004 
2024-04-30 15:25:04,462 [INFO] from com.jpro.internal.stats.ViewInfo$ in JavaFX Application Thread - averageJitter  : 00:00:00.005  
2024-04-30 15:25:04,462 [INFO] from com.jpro.internal.stats.ViewInfo$ in JavaFX Application Thread - framerateServer: 00:00:00.000
2024-04-30 15:25:04,462 [INFO] from com.jpro.internal.stats.ViewInfo$ in JavaFX Application Thread - framerateClient: 00:00:00.000
2024-04-30 15:25:04,462 [INFO] from com.jpro.internal.stats.ViewInfo$ in JavaFX Application Thread - raw            : 3420640
2024-04-30 15:25:04,462 [INFO] from com.jpro.internal.stats.ViewInfo$ in JavaFX Application Thread - zipped         : 1083975
2024-04-30 15:25:04,462 [INFO] from com.jpro.internal.stats.ViewInfo$ in JavaFX Application Thread - 
2024-04-30 15:25:04,496 [INFO] from controllers.jpro in application-akka.actor.default-dispatcher-8 - application requested: default
2024-04-30 15:25:04,496 [INFO] from controllers.jpro in application-akka.actor.default-dispatcher-8 - Creating Application: default
2024-04-30 15:25:04,496 [INFO] from controllers.jpro in application-akka.actor.default-dispatcher-8 - remoteAddress 0:0:0:0:0:0:0:1
2024-04-30 15:25:04,496 [INFO] from controllers.jpro in application-akka.actor.default-dispatcher-8 - host          localhost:8080
2024-04-30 15:25:04,496 [INFO] from controllers.jpro in application-akka.actor.default-dispatcher-8 - uri           /app/ws/default
2024-04-30 15:25:04,615 [INFO] from com.jpro.internal.stats.ViewInfo$ in JavaFX Application Thread - [JPro] -> View created: {app_name: default, host_name: localhost:8080, instance_id: 2081523327, browser: Google Chrome 124.0.0.0, browser_url: http://localhost:8080/, client_ip: 0:0:0:0:0:0:0:1}
2024-04-30 15:25:04,713 [INFO] from com.jpro.internal.communicator.InstanceImpl in JavaFX Application Thread - [JPro] -> Instance created: {app_name: default, host_name: localhost:8080, instance_id: 2081523327, browser: Google Chrome 124.0.0.0, browser_url: http://localhost:8080/, client_ip: 0:0:0:0:0:0:0:1}
2024-04-30 15:25:05,428 [INFO] from com.jpro.internal.communicator.InstanceImpl in JavaFX Application Thread - [JPro] -> Instance closed: {app_name: default, host_name: localhost:8080, instance_id: 22177462, browser: Google Chrome 124.0.0.0, browser_url: http://localhost:8080/, client_ip: 0:0:0:0:0:0:0:1, reason: close-tab-closed}
2024-04-30 15:25:57,080 [WARN] from com.jpro.meta.tk.SceneInputListener in JavaFX Application Thread - Unknown Keycode: 190
2024-04-30 15:25:57,171 [WARN] from com.jpro.meta.tk.SceneInputListener in JavaFX Application Thread - Unknown Keycode: 190
2024-04-30 15:27:23,515 [INFO] from com.jpro.internal.stats.ViewInfo$ in JavaFX Application Thread - [JPro] -> View closed: {app_name: default, host_name: localhost:8080, instance_id: 2081523327, browser: Google Chrome 124.0.0.0, browser_url: http://localhost:8080/, client_ip: 0:0:0:0:0:0:0:1, reason: tab-closed}
2024-04-30 15:27:23,538 [INFO] from com.jpro.internal.stats.ViewInfo$ in JavaFX Application Thread - 
2024-04-30 15:27:23,538 [INFO] from com.jpro.internal.stats.ViewInfo$ in JavaFX Application Thread - Application closed:
2024-04-30 15:27:23,538 [INFO] from com.jpro.internal.stats.ViewInfo$ in JavaFX Application Thread - startTime      : Tue Apr 30 15:27:23 MST 2024      
2024-04-30 15:27:23,539 [INFO] from com.jpro.internal.stats.ViewInfo$ in JavaFX Application Thread - averageLatency : 00:00:00.001 
2024-04-30 15:27:23,539 [INFO] from com.jpro.internal.stats.ViewInfo$ in JavaFX Application Thread - averageJitter  : 00:00:00.000  
2024-04-30 15:27:23,539 [INFO] from com.jpro.internal.stats.ViewInfo$ in JavaFX Application Thread - framerateServer: 00:00:00.000
2024-04-30 15:27:23,539 [INFO] from com.jpro.internal.stats.ViewInfo$ in JavaFX Application Thread - framerateClient: 00:00:00.000
2024-04-30 15:27:23,539 [INFO] from com.jpro.internal.stats.ViewInfo$ in JavaFX Application Thread - raw            : 4374347
2024-04-30 15:27:23,539 [INFO] from com.jpro.internal.stats.ViewInfo$ in JavaFX Application Thread - zipped         : 1245563
2024-04-30 15:27:23,539 [INFO] from com.jpro.internal.stats.ViewInfo$ in JavaFX Application Thread - 
2024-04-30 15:27:23,584 [INFO] from controllers.jpro in application-akka.actor.default-dispatcher-4 - application requested: default
2024-04-30 15:27:23,584 [INFO] from controllers.jpro in application-akka.actor.default-dispatcher-4 - Creating Application: default
2024-04-30 15:27:23,584 [INFO] from controllers.jpro in application-akka.actor.default-dispatcher-4 - remoteAddress 0:0:0:0:0:0:0:1
2024-04-30 15:27:23,585 [INFO] from controllers.jpro in application-akka.actor.default-dispatcher-4 - host          localhost:8080
2024-04-30 15:27:23,585 [INFO] from controllers.jpro in application-akka.actor.default-dispatcher-4 - uri           /app/ws/default
2024-04-30 15:27:23,709 [INFO] from com.jpro.internal.stats.ViewInfo$ in JavaFX Application Thread - [JPro] -> View created: {app_name: default, host_name: localhost:8080, instance_id: 242594754, browser: Google Chrome 124.0.0.0, browser_url: http://localhost:8080/, client_ip: 0:0:0:0:0:0:0:1}
2024-04-30 15:27:23,800 [INFO] from com.jpro.internal.communicator.InstanceImpl in JavaFX Application Thread - [JPro] -> Instance created: {app_name: default, host_name: localhost:8080, instance_id: 242594754, browser: Google Chrome 124.0.0.0, browser_url: http://localhost:8080/, client_ip: 0:0:0:0:0:0:0:1}
2024-04-30 15:27:24,526 [INFO] from com.jpro.internal.communicator.InstanceImpl in JavaFX Application Thread - [JPro] -> Instance closed: {app_name: default, host_name: localhost:8080, instance_id: 2081523327, browser: Google Chrome 124.0.0.0, browser_url: http://localhost:8080/, client_ip: 0:0:0:0:0:0:0:1, reason: close-tab-closed}
2024-04-30 15:28:40,089 [WARN] from com.jpro.meta.tk.SceneInputListener in JavaFX Application Thread - Unknown Keycode: 190
2024-04-30 15:28:40,239 [WARN] from com.jpro.meta.tk.SceneInputListener in JavaFX Application Thread - Unknown Keycode: 190
2024-04-30 15:29:27,573 [INFO] from com.jpro.internal.stats.ViewInfo$ in JavaFX Application Thread - [JPro] -> View closed: {app_name: default, host_name: localhost:8080, instance_id: 242594754, browser: Google Chrome 124.0.0.0, browser_url: http://localhost:8080/, client_ip: 0:0:0:0:0:0:0:1, reason: tab-closed}
2024-04-30 15:29:27,595 [INFO] from com.jpro.internal.stats.ViewInfo$ in JavaFX Application Thread - 
2024-04-30 15:29:27,595 [INFO] from com.jpro.internal.stats.ViewInfo$ in JavaFX Application Thread - Application closed:
2024-04-30 15:29:27,596 [INFO] from com.jpro.internal.stats.ViewInfo$ in JavaFX Application Thread - startTime      : Tue Apr 30 15:29:27 MST 2024      
2024-04-30 15:29:27,596 [INFO] from com.jpro.internal.stats.ViewInfo$ in JavaFX Application Thread - averageLatency : 00:00:00.001 
2024-04-30 15:29:27,596 [INFO] from com.jpro.internal.stats.ViewInfo$ in JavaFX Application Thread - averageJitter  : 00:00:00.000  
2024-04-30 15:29:27,596 [INFO] from com.jpro.internal.stats.ViewInfo$ in JavaFX Application Thread - framerateServer: 00:00:00.000
2024-04-30 15:29:27,596 [INFO] from com.jpro.internal.stats.ViewInfo$ in JavaFX Application Thread - framerateClient: 00:00:00.000
2024-04-30 15:29:27,596 [INFO] from com.jpro.internal.stats.ViewInfo$ in JavaFX Application Thread - raw            : 2086185
2024-04-30 15:29:27,596 [INFO] from com.jpro.internal.stats.ViewInfo$ in JavaFX Application Thread - zipped         : 637674
2024-04-30 15:29:27,596 [INFO] from com.jpro.internal.stats.ViewInfo$ in JavaFX Application Thread - 
2024-04-30 15:29:27,659 [INFO] from controllers.jpro in application-akka.actor.default-dispatcher-13 - application requested: default
2024-04-30 15:29:27,660 [INFO] from controllers.jpro in application-akka.actor.default-dispatcher-13 - Creating Application: default
2024-04-30 15:29:27,660 [INFO] from controllers.jpro in application-akka.actor.default-dispatcher-13 - remoteAddress 0:0:0:0:0:0:0:1
2024-04-30 15:29:27,660 [INFO] from controllers.jpro in application-akka.actor.default-dispatcher-13 - host          localhost:8080
2024-04-30 15:29:27,660 [INFO] from controllers.jpro in application-akka.actor.default-dispatcher-13 - uri           /app/ws/default
2024-04-30 15:29:27,774 [INFO] from com.jpro.internal.stats.ViewInfo$ in JavaFX Application Thread - [JPro] -> View created: {app_name: default, host_name: localhost:8080, instance_id: 2019163144, browser: Google Chrome 124.0.0.0, browser_url: http://localhost:8080/, client_ip: 0:0:0:0:0:0:0:1}
2024-04-30 15:29:27,869 [INFO] from com.jpro.internal.communicator.InstanceImpl in JavaFX Application Thread - [JPro] -> Instance created: {app_name: default, host_name: localhost:8080, instance_id: 2019163144, browser: Google Chrome 124.0.0.0, browser_url: http://localhost:8080/, client_ip: 0:0:0:0:0:0:0:1}
2024-04-30 15:29:28,588 [INFO] from com.jpro.internal.communicator.InstanceImpl in JavaFX Application Thread - [JPro] -> Instance closed: {app_name: default, host_name: localhost:8080, instance_id: 242594754, browser: Google Chrome 124.0.0.0, browser_url: http://localhost:8080/, client_ip: 0:0:0:0:0:0:0:1, reason: close-tab-closed}
2024-04-30 15:31:35,114 [INFO] from com.jpro.internal.stats.ViewInfo$ in JavaFX Application Thread - [JPro] -> View closed: {app_name: default, host_name: localhost:8080, instance_id: 2019163144, browser: Google Chrome 124.0.0.0, browser_url: http://localhost:8080/, client_ip: 0:0:0:0:0:0:0:1, reason: tab-closed}
2024-04-30 15:31:35,156 [INFO] from com.jpro.internal.stats.ViewInfo$ in JavaFX Application Thread - 
2024-04-30 15:31:35,157 [INFO] from com.jpro.internal.stats.ViewInfo$ in JavaFX Application Thread - Application closed:
2024-04-30 15:31:35,157 [INFO] from com.jpro.internal.stats.ViewInfo$ in JavaFX Application Thread - startTime      : Tue Apr 30 15:31:35 MST 2024      
2024-04-30 15:31:35,157 [INFO] from com.jpro.internal.stats.ViewInfo$ in JavaFX Application Thread - averageLatency : 00:00:00.001 
2024-04-30 15:31:35,157 [INFO] from com.jpro.internal.stats.ViewInfo$ in JavaFX Application Thread - averageJitter  : 00:00:00.000  
2024-04-30 15:31:35,157 [INFO] from com.jpro.internal.stats.ViewInfo$ in JavaFX Application Thread - framerateServer: 00:00:00.000
2024-04-30 15:31:35,157 [INFO] from com.jpro.internal.stats.ViewInfo$ in JavaFX Application Thread - framerateClient: 00:00:00.000
2024-04-30 15:31:35,157 [INFO] from com.jpro.internal.stats.ViewInfo$ in JavaFX Application Thread - raw            : 2209269
2024-04-30 15:31:35,157 [INFO] from com.jpro.internal.stats.ViewInfo$ in JavaFX Application Thread - zipped         : 578035
2024-04-30 15:31:35,157 [INFO] from com.jpro.internal.stats.ViewInfo$ in JavaFX Application Thread - 
2024-04-30 15:31:35,191 [INFO] from controllers.jpro in application-akka.actor.default-dispatcher-9 - application requested: default
2024-04-30 15:31:35,191 [INFO] from controllers.jpro in application-akka.actor.default-dispatcher-9 - Creating Application: default
2024-04-30 15:31:35,191 [INFO] from controllers.jpro in application-akka.actor.default-dispatcher-9 - remoteAddress 0:0:0:0:0:0:0:1
2024-04-30 15:31:35,191 [INFO] from controllers.jpro in application-akka.actor.default-dispatcher-9 - host          localhost:8080
2024-04-30 15:31:35,191 [INFO] from controllers.jpro in application-akka.actor.default-dispatcher-9 - uri           /app/ws/default
2024-04-30 15:31:35,323 [INFO] from com.jpro.internal.stats.ViewInfo$ in JavaFX Application Thread - [JPro] -> View created: {app_name: default, host_name: localhost:8080, instance_id: 2118564354, browser: Google Chrome 124.0.0.0, browser_url: http://localhost:8080/, client_ip: 0:0:0:0:0:0:0:1}
2024-04-30 15:31:35,413 [INFO] from com.jpro.internal.communicator.InstanceImpl in JavaFX Application Thread - [JPro] -> Instance created: {app_name: default, host_name: localhost:8080, instance_id: 2118564354, browser: Google Chrome 124.0.0.0, browser_url: http://localhost:8080/, client_ip: 0:0:0:0:0:0:0:1}
2024-04-30 15:31:36,113 [ERROR] from com.jpro.WebAPIImpl$WebAPIImpl in JavaFX Application Thread - Error while executing InstanceCloseListener: 
java.lang.NullPointerException: Cannot invoke "com.connections.web.WebUser.readFromDatabase()" because "currentUser" is null
	at com.connections.view_controller.GameSession.helperSetUserInGameStatus(GameSession.java:726)
	at com.connections.view_controller.GameSession.close(GameSession.java:1103)
	at com.connections.view_controller.GameSession.lambda$initListeners$11(GameSession.java:296)
	at com.jpro.WebAPIImpl$WebAPIImpl.$anonfun$callInstanceCloseListeners$1(WebAPIImpl.scala:134)
	at com.jpro.WebAPIImpl$WebAPIImpl.$anonfun$callInstanceCloseListeners$1$adapted(WebAPIImpl.scala:132)
	at scala.collection.immutable.Set$Set1.foreach(Set.scala:141)
	at com.jpro.WebAPIImpl$WebAPIImpl.callInstanceCloseListeners(WebAPIImpl.scala:132)
	at com.jpro.internal.communicator.InstanceImpl.dispose(InstanceImpl.scala:107)
	at com.jpro.internal.communicator.InstanceImpl.$anonfun$new$13(InstanceImpl.scala:205)
	at scala.runtime.java8.JFunction0$mcV$sp.apply(JFunction0$mcV$sp.java:23)
	at simplefx.cores.standard.parts.CoreTimeEvent.$anonfun$runAt$2(CoreTimeEvent.scala:74)
	at simplefx.cores.standard.parts.CoreTimeEvent$Helper$.$anonfun$new$4(CoreTimeEvent.scala:100)
	at scala.collection.immutable.Set$Set1.foreach(Set.scala:141)
	at simplefx.cores.standard.parts.CoreTimeEvent$Helper$.$anonfun$new$3(CoreTimeEvent.scala:98)
	at simplefx.cores.standard.parts.CoreTimeEvent$Helper$.$anonfun$new$3$adapted(CoreTimeEvent.scala:91)
	at simplefx.cores.standard.parts.CoreTypesBindable$BindableImpl.$anonfun$triggerOnChange$3(CoreTypesBindable.scala:208)
	at simplefx.cores.standard.parts.CoreScheduler.runSchedulerImpl(CoreScheduler.scala:73)
	at simplefx.cores.standard.parts.CoreScheduler.runSchedulerImpl$(CoreScheduler.scala:52)
	at simplefx.cores.standard.Core.runSchedulerImpl(Core.scala:9)
	at simplefx.cores.standard.parts.CoreScheduler.tryStartSchedulerStop(CoreScheduler.scala:44)
	at simplefx.cores.standard.parts.CoreScheduler.tryStartSchedulerStop$(CoreScheduler.scala:42)
	at simplefx.cores.standard.Core.tryStartSchedulerStop(Core.scala:9)
	at simplefx.cores.standard.parts.CoreTimeEvent$$anon$1.handle(CoreTimeEvent.scala:24)
	at javafx.animation.AnimationTimer$AnimationTimerReceiver.lambda$handle$0(AnimationTimer.java:58)
	at java.base/java.security.AccessController.doPrivileged(AccessController.java:399)
	at javafx.animation.AnimationTimer$AnimationTimerReceiver.handle(AnimationTimer.java:57)
	at com.sun.scenario.animation.AbstractPrimaryTimer.timePulseImpl(AbstractPrimaryTimer.java:356)
	at com.sun.scenario.animation.AbstractPrimaryTimer$MainLoop.run(AbstractPrimaryTimer.java:266)
	at com.sun.javafx.tk.quantum.QuantumToolkit.pulse(QuantumToolkit.java:598)
	at com.sun.javafx.tk.quantum.QuantumToolkit.pulse(QuantumToolkit.java:582)
	at com.sun.javafx.tk.quantum.QuantumToolkit.pulseFromQueue(QuantumToolkit.java:575)
	at com.sun.javafx.tk.quantum.QuantumToolkit.lambda$runToolkit$12(QuantumToolkit.java:358)
	at com.sun.glass.ui.monocle.RunnableProcessor.runLoop(RunnableProcessor.java:92)
	at com.sun.glass.ui.monocle.RunnableProcessor.run(RunnableProcessor.java:51)
	at java.base/java.lang.Thread.run(Thread.java:1589)
2024-04-30 15:31:36,120 [INFO] from com.jpro.internal.communicator.InstanceImpl in JavaFX Application Thread - [JPro] -> Instance closed: {app_name: default, host_name: localhost:8080, instance_id: 2019163144, browser: Google Chrome 124.0.0.0, browser_url: http://localhost:8080/, client_ip: 0:0:0:0:0:0:0:1, reason: close-tab-closed}
2024-04-30 15:31:39,352 [INFO] from play.api.internal.libs.concurrent.CoordinatedShutdownSupport in Thread-20 - Starting synchronous coordinated shutdown with ServerStoppedReason reason and 2147508000 milliseconds timeout
2024-04-30 15:31:39,355 [INFO] from akka.actor.CoordinatedShutdown in application-akka.actor.default-dispatcher-9 - Running CoordinatedShutdown with reason [ServerStoppedReason]
2024-04-30 15:31:39,357 [INFO] from play.core.server.AkkaHttpServer in Thread-20 - Stopping Akka HTTP server...
2024-04-30 15:31:39,364 [INFO] from play.core.server.AkkaHttpServer in application-akka.actor.internal-dispatcher-10 - Terminating server binding for /[0:0:0:0:0:0:0:0]:8080
2024-04-30 15:31:39,386 [INFO] from play.core.server.AkkaHttpServer in application-akka.actor.internal-dispatcher-10 - Running provided shutdown stop hooks
2024-04-30 15:31:39,388 [INFO] from com.jpro.internal.server.JProInitializer$ in application-akka.actor.default-dispatcher-8 - [JPro] -> Server stopped: {running_time: 11m 38.347s, instances_count: 1, views_count: 1, os_name: Mac OS X, jpro_version: 2024.1.0, reason: jvm-shutdown}
2024-04-30 15:31:39,388 [INFO] from com.jpro.activity in application-akka.actor.default-dispatcher-8 - Closing the server -> used memory: 264 MB  -  free system memory: 68 MB
